0 info it worked if it ends with ok
1 verbose cli [ '/usr/bin/node', '/usr/bin/npm', 'start' ]
2 info using npm@3.10.10
3 info using node@v6.10.0
4 verbose run-script [ 'prestart', 'start', 'poststart' ]
5 info lifecycle cozy-konnector-maif@1.0.0~prestart: cozy-konnector-maif@1.0.0
6 silly lifecycle cozy-konnector-maif@1.0.0~prestart: no script for prestart, continuing
7 info lifecycle cozy-konnector-maif@1.0.0~start: cozy-konnector-maif@1.0.0
8 verbose lifecycle cozy-konnector-maif@1.0.0~start: unsafe-perm in lifecycle true
9 verbose lifecycle cozy-konnector-maif@1.0.0~start: PATH: /usr/lib/node_modules/npm/bin/node-gyp-bin:/home/97488r/temp/cozy-konnector-maif/node_modules/.bin:/home/97488r/temp/cozy-konnector-maif/node_modules/.bin:/home/97488r/.config/yarn/link/node_modules/.bin:/home/97488r/temp/cozy-konnector-maif/node_modules/.bin:/home/97488r/.config/yarn/link/node_modules/.bin:/usr/bin:/usr/lib/node_modules/npm/bin/node-gyp-bin:/usr/bin/node_modules/npm/bin/node-gyp-bin:/usr/local/bin:/usr/local/sbin:/usr/bin:/usr/sbin
10 verbose lifecycle cozy-konnector-maif@1.0.0~start: CWD: /home/97488r/temp/cozy-konnector-maif
11 silly lifecycle cozy-konnector-maif@1.0.0~start: Args: [ '-c', 'node index.js' ]
12 silly lifecycle cozy-konnector-maif@1.0.0~start: Returned: code: 1  signal: null
13 info lifecycle cozy-konnector-maif@1.0.0~start: Failed to exec start script
14 verbose stack Error: cozy-konnector-maif@1.0.0 start: `node index.js`
14 verbose stack Exit status 1
14 verbose stack     at EventEmitter.<anonymous> (/usr/lib/node_modules/npm/lib/utils/lifecycle.js:255:16)
14 verbose stack     at emitTwo (events.js:106:13)
14 verbose stack     at EventEmitter.emit (events.js:191:7)
14 verbose stack     at ChildProcess.<anonymous> (/usr/lib/node_modules/npm/lib/utils/spawn.js:40:14)
14 verbose stack     at emitTwo (events.js:106:13)
14 verbose stack     at ChildProcess.emit (events.js:191:7)
14 verbose stack     at maybeClose (internal/child_process.js:877:16)
14 verbose stack     at Process.ChildProcess._handle.onexit (internal/child_process.js:226:5)
15 verbose pkgid cozy-konnector-maif@1.0.0
16 verbose cwd /home/97488r/temp/cozy-konnector-maif
17 error Linux 4.8.6-300.fc25.x86_64
18 error argv "/usr/bin/node" "/usr/bin/npm" "start"
19 error node v6.10.0
20 error npm  v3.10.10
21 error code ELIFECYCLE
22 error cozy-konnector-maif@1.0.0 start: `node index.js`
22 error Exit status 1
23 error Failed at the cozy-konnector-maif@1.0.0 start script 'node index.js'.
23 error Make sure you have the latest version of node.js and npm installed.
23 error If you do, this is most likely a problem with the cozy-konnector-maif package,
23 error not with npm itself.
23 error Tell the author that this fails on your system:
23 error     node index.js
23 error You can get information on how to open an issue for this project with:
23 error     npm bugs cozy-konnector-maif
23 error Or if that isn't available, you can get their info via:
23 error     npm owner ls cozy-konnector-maif
23 error There is likely additional logging output above.
24 verbose exit [ 1, true ]
